This is pdfTeX, Version 3.14159265-2.6-1.40.18 (TeX Live 2017/Debian) (preloaded format=pdflatex 2020.2.16)  17 MAY 2020 18:48
entering extended mode
 restricted \write18 enabled.
 %&-line parsing enabled.
**report.tex
(./report.tex
LaTeX2e <2017-04-15>
Babel <3.18> and hyphenation patterns for 84 language(s) loaded.
(/usr/share/texlive/texmf-dist/tex/latex/base/article.cls
Document Class: article 2014/09/29 v1.4h Standard LaTeX document class
(/usr/share/texlive/texmf-dist/tex/latex/base/size10.clo
File: size10.clo 2014/09/29 v1.4h Standard LaTeX file (size option)
)
\c@part=\count79
\c@section=\count80
\c@subsection=\count81
\c@subsubsection=\count82
\c@paragraph=\count83
\c@subparagraph=\count84
\c@figure=\count85
\c@table=\count86
\abovecaptionskip=\skip41
\belowcaptionskip=\skip42
\bibindent=\dimen102
)
(/usr/share/texlive/texmf-dist/tex/latex/comment/comment.sty
\CommentStream=\write3

Excluding comment 'comment')
(/usr/share/texlive/texmf-dist/tex/latex/setspace/setspace.sty
Package: setspace 2011/12/19 v6.7a set line spacing
)
(/usr/share/texlive/texmf-dist/tex/latex/tools/indentfirst.sty
Package: indentfirst 1995/11/23 v1.03 Indent first paragraph (DPC)
)
(/usr/share/texlive/texmf-dist/tex/latex/extsizes/extsizes.sty
Package: extsizes 1996/10/08 v1.0 Non Standard LaTeX Package


Package ExtSizes Warning: It is better to use one of the extsizes classes,
 if you can.

(/usr/share/texlive/texmf-dist/tex/latex/extsizes/size14.clo
File: size14.clo 1999/11/11 v1.4a NON-Standard LaTeX file (size option)
))
(/usr/share/texlive/texmf-dist/tex/generic/babel/babel.sty
Package: babel 2018/02/14 3.18 The Babel package

(/usr/share/texlive/texmf-dist/tex/generic/babel/switch.def
File: switch.def 2018/02/14 3.18 Babel switching mechanism
)
(/usr/share/texlive/texmf-dist/tex/generic/babel-english/english.ldf
Language: english 2017/06/06 v3.3r English support from the babel system

(/usr/share/texlive/texmf-dist/tex/generic/babel/babel.def
File: babel.def 2018/02/14 3.18 Babel common definitions
\babel@savecnt=\count87
\U@D=\dimen103

(/usr/share/texlive/texmf-dist/tex/generic/babel/txtbabel.def)
\bbl@dirlevel=\count88
)
\l@canadian = a dialect from \language\l@american 
\l@australian = a dialect from \language\l@british 
\l@newzealand = a dialect from \language\l@british 
)
(/usr/share/texlive/texmf-dist/tex/generic/babel-russian/russianb.ldf
Language: russian 2017/08/12 1.3j Russian support for the Babel system


Package babel Warning: No Cyrillic font encoding has been loaded so far.
(babel)                A font encoding should be declared before babel.
(babel)                Default `T2A' encoding will be loaded  on input line 74.


(/usr/share/texlive/texmf-dist/tex/latex/cyrillic/t2aenc.def
File: t2aenc.def 2005/09/27 v1.0i Cyrillic encoding definition file
)
Package babel Info: Making " an active character on input line 120.
Package babel Info: Default for \cyrdash is provided on input line 157.
)
(/usr/share/texlive/texmf-dist/tex/generic/babel-ukrainian/ukraineb.ldf
Language: ukraineb 2017/08/10 1.4b Ukrainian support for the Babel system
LaTeX Info: Redefining \cyrillictext on input line 84.
LaTeX Info: Redefining \textcyrillic on input line 96.


Package babel Warning: No input encoding specified for Ukrainian language on in
put line 117.

Package babel Info: Default for \cyrdash is provided on input line 161.
)) (/usr/share/texlive/texmf-dist/tex/latex/base/inputenc.sty
Package: inputenc 2015/03/17 v1.2c Input encoding file
\inpenc@prehook=\toks14
\inpenc@posthook=\toks15

(/usr/share/texlive/texmf-dist/tex/latex/ucs/utf8x.def
File: utf8x.def 2004/10/17 UCS: Input encoding UTF-8
))
(/usr/share/texlive/texmf-dist/tex/latex/ucs/ucs.sty
Package: ucs 2013/05/11 v2.2 UCS: Unicode input support

(/usr/share/texlive/texmf-dist/tex/latex/ucs/data/uni-global.def
File: uni-global.def 2013/05/13 UCS: Unicode global data
)
\uc@secondtry=\count89
\uc@combtoks=\toks16
\uc@combtoksb=\toks17
\uc@temptokena=\toks18
)
(/usr/share/texlive/texmf-dist/tex/latex/base/fontenc.sty
Package: fontenc 2017/04/05 v2.0i Standard LaTeX package

(/usr/share/texlive/texmf-dist/tex/latex/base/t1enc.def
File: t1enc.def 2017/04/05 v2.0i Standard LaTeX file
LaTeX Font Info:    Redeclaring font encoding T1 on input line 48.
))
(/usr/share/texlive/texmf-dist/tex/latex/geometry/geometry.sty
Package: geometry 2010/09/12 v5.6 Page Geometry

(/usr/share/texlive/texmf-dist/tex/latex/graphics/keyval.sty
Package: keyval 2014/10/28 v1.15 key=value parser (DPC)
\KV@toks@=\toks19
)
(/usr/share/texlive/texmf-dist/tex/generic/oberdiek/ifpdf.sty
Package: ifpdf 2017/03/15 v3.2 Provides the ifpdf switch
)
(/usr/share/texlive/texmf-dist/tex/generic/oberdiek/ifvtex.sty
Package: ifvtex 2016/05/16 v1.6 Detect VTeX and its facilities (HO)
Package ifvtex Info: VTeX not detected.
)
(/usr/share/texlive/texmf-dist/tex/generic/ifxetex/ifxetex.sty
Package: ifxetex 2010/09/12 v0.6 Provides ifxetex conditional
)
\Gm@cnth=\count90
\Gm@cntv=\count91
\c@Gm@tempcnt=\count92
\Gm@bindingoffset=\dimen104
\Gm@wd@mp=\dimen105
\Gm@odd@mp=\dimen106
\Gm@even@mp=\dimen107
\Gm@layoutwidth=\dimen108
\Gm@layoutheight=\dimen109
\Gm@layouthoffset=\dimen110
\Gm@layoutvoffset=\dimen111
\Gm@dimlist=\toks20
)
(/usr/share/texlive/texmf-dist/tex/latex/preprint/authblk.sty
Package: authblk 2001/02/27 1.3 (PWD)
\affilsep=\skip43
\@affilsep=\skip44
\c@Maxaffil=\count93
\c@authors=\count94
\c@affil=\count95
)
(/usr/share/texlive/texmf-dist/tex/latex/amsmath/amsmath.sty
Package: amsmath 2017/09/02 v2.17a AMS math features
\@mathmargin=\skip45

For additional information on amsmath, use the `?' option.
(/usr/share/texlive/texmf-dist/tex/latex/amsmath/amstext.sty
Package: amstext 2000/06/29 v2.01 AMS text

(/usr/share/texlive/texmf-dist/tex/latex/amsmath/amsgen.sty
File: amsgen.sty 1999/11/30 v2.0 generic functions
\@emptytoks=\toks21
\ex@=\dimen112
))
(/usr/share/texlive/texmf-dist/tex/latex/amsmath/amsbsy.sty
Package: amsbsy 1999/11/29 v1.2d Bold Symbols
\pmbraise@=\dimen113
)
(/usr/share/texlive/texmf-dist/tex/latex/amsmath/amsopn.sty
Package: amsopn 2016/03/08 v2.02 operator names
)
\inf@bad=\count96
LaTeX Info: Redefining \frac on input line 213.
\uproot@=\count97
\leftroot@=\count98
LaTeX Info: Redefining \overline on input line 375.
\classnum@=\count99
\DOTSCASE@=\count100
LaTeX Info: Redefining \ldots on input line 472.
LaTeX Info: Redefining \dots on input line 475.
LaTeX Info: Redefining \cdots on input line 596.
\Mathstrutbox@=\box26
\strutbox@=\box27
\big@size=\dimen114
LaTeX Font Info:    Redeclaring font encoding OML on input line 712.
LaTeX Font Info:    Redeclaring font encoding OMS on input line 713.
\macc@depth=\count101
\c@MaxMatrixCols=\count102
\dotsspace@=\muskip10
\c@parentequation=\count103
\dspbrk@lvl=\count104
\tag@help=\toks22
\row@=\count105
\column@=\count106
\maxfields@=\count107
\andhelp@=\toks23
\eqnshift@=\dimen115
\alignsep@=\dimen116
\tagshift@=\dimen117
\tagwidth@=\dimen118
\totwidth@=\dimen119
\lineht@=\dimen120
\@envbody=\toks24
\multlinegap=\skip46
\multlinetaggap=\skip47
\mathdisplay@stack=\toks25
LaTeX Info: Redefining \[ on input line 2817.
LaTeX Info: Redefining \] on input line 2818.
)
(/usr/share/texlive/texmf-dist/tex/latex/graphics/graphicx.sty
Package: graphicx 2017/06/01 v1.1a Enhanced LaTeX Graphics (DPC,SPQR)

(/usr/share/texlive/texmf-dist/tex/latex/graphics/graphics.sty
Package: graphics 2017/06/25 v1.2c Standard LaTeX Graphics (DPC,SPQR)

(/usr/share/texlive/texmf-dist/tex/latex/graphics/trig.sty
Package: trig 2016/01/03 v1.10 sin cos tan (DPC)
)
(/usr/share/texlive/texmf-dist/tex/latex/graphics-cfg/graphics.cfg
File: graphics.cfg 2016/06/04 v1.11 sample graphics configuration
)
Package graphics Info: Driver file: pdftex.def on input line 99.

(/usr/share/texlive/texmf-dist/tex/latex/graphics-def/pdftex.def
File: pdftex.def 2018/01/08 v1.0l Graphics/color driver for pdftex
))
\Gin@req@height=\dimen121
\Gin@req@width=\dimen122
)
(/usr/share/texlive/texmf-dist/tex/latex/todonotes/todonotes.sty
Package: todonotes 2015/07/09 .dtx Todonotes source and documentation.
Package: todonotes 2012/07/25

(/usr/share/texlive/texmf-dist/tex/latex/base/ifthen.sty
Package: ifthen 2014/09/29 v1.1c Standard LaTeX ifthen package (DPC)
)
(/usr/share/texlive/texmf-dist/tex/latex/xkeyval/xkeyval.sty
Package: xkeyval 2014/12/03 v2.7a package option processing (HA)

(/usr/share/texlive/texmf-dist/tex/generic/xkeyval/xkeyval.tex
(/usr/share/texlive/texmf-dist/tex/generic/xkeyval/xkvutils.tex
\XKV@toks=\toks26
\XKV@tempa@toks=\toks27
)
\XKV@depth=\count108
File: xkeyval.tex 2014/12/03 v2.7a key=value parser (HA)
))
(/usr/share/texlive/texmf-dist/tex/latex/xcolor/xcolor.sty
Package: xcolor 2016/05/11 v2.12 LaTeX color extensions (UK)

(/usr/share/texlive/texmf-dist/tex/latex/graphics-cfg/color.cfg
File: color.cfg 2016/01/02 v1.6 sample color configuration
)
Package xcolor Info: Driver file: pdftex.def on input line 225.
Package xcolor Info: Model `cmy' substituted by `cmy0' on input line 1348.
Package xcolor Info: Model `hsb' substituted by `rgb' on input line 1352.
Package xcolor Info: Model `RGB' extended on input line 1364.
Package xcolor Info: Model `HTML' substituted by `rgb' on input line 1366.
Package xcolor Info: Model `Hsb' substituted by `hsb' on input line 1367.
Package xcolor Info: Model `tHsb' substituted by `hsb' on input line 1368.
Package xcolor Info: Model `HSB' substituted by `hsb' on input line 1369.
Package xcolor Info: Model `Gray' substituted by `gray' on input line 1370.
Package xcolor Info: Model `wave' substituted by `hsb' on input line 1371.
)
(/usr/share/texlive/texmf-dist/tex/latex/pgf/frontendlayer/tikz.sty
(/usr/share/texlive/texmf-dist/tex/latex/pgf/basiclayer/pgf.sty
(/usr/share/texlive/texmf-dist/tex/latex/pgf/utilities/pgfrcs.sty
(/usr/share/texlive/texmf-dist/tex/generic/pgf/utilities/pgfutil-common.tex
\pgfutil@everybye=\toks28
\pgfutil@tempdima=\dimen123
\pgfutil@tempdimb=\dimen124

(/usr/share/texlive/texmf-dist/tex/generic/pgf/utilities/pgfutil-common-lists.t
ex)) (/usr/share/texlive/texmf-dist/tex/generic/pgf/utilities/pgfutil-latex.def
\pgfutil@abb=\box28
(/usr/share/texlive/texmf-dist/tex/latex/ms/everyshi.sty
Package: everyshi 2001/05/15 v3.00 EveryShipout Package (MS)
))
(/usr/share/texlive/texmf-dist/tex/generic/pgf/utilities/pgfrcs.code.tex
Package: pgfrcs 2015/08/07 v3.0.1a (rcs-revision 1.31)
))
Package: pgf 2015/08/07 v3.0.1a (rcs-revision 1.15)

(/usr/share/texlive/texmf-dist/tex/latex/pgf/basiclayer/pgfcore.sty
(/usr/share/texlive/texmf-dist/tex/latex/pgf/systemlayer/pgfsys.sty
(/usr/share/texlive/texmf-dist/tex/generic/pgf/systemlayer/pgfsys.code.tex
Package: pgfsys 2014/07/09 v3.0.1a (rcs-revision 1.48)

(/usr/share/texlive/texmf-dist/tex/generic/pgf/utilities/pgfkeys.code.tex
\pgfkeys@pathtoks=\toks29
\pgfkeys@temptoks=\toks30

(/usr/share/texlive/texmf-dist/tex/generic/pgf/utilities/pgfkeysfiltered.code.t
ex
\pgfkeys@tmptoks=\toks31
))
\pgf@x=\dimen125
\pgf@y=\dimen126
\pgf@xa=\dimen127
\pgf@ya=\dimen128
\pgf@xb=\dimen129
\pgf@yb=\dimen130
\pgf@xc=\dimen131
\pgf@yc=\dimen132
\w@pgf@writea=\write4
\r@pgf@reada=\read1
\c@pgf@counta=\count109
\c@pgf@countb=\count110
\c@pgf@countc=\count111
\c@pgf@countd=\count112
\t@pgf@toka=\toks32
\t@pgf@tokb=\toks33
\t@pgf@tokc=\toks34
 (/usr/share/texlive/texmf-dist/tex/generic/pgf/systemlayer/pgf.cfg
File: pgf.cfg 2008/05/14  (rcs-revision 1.7)
)
Driver file for pgf: pgfsys-pdftex.def

(/usr/share/texlive/texmf-dist/tex/generic/pgf/systemlayer/pgfsys-pdftex.def
File: pgfsys-pdftex.def 2014/10/11  (rcs-revision 1.35)

(/usr/share/texlive/texmf-dist/tex/generic/pgf/systemlayer/pgfsys-common-pdf.de
f
File: pgfsys-common-pdf.def 2013/10/10  (rcs-revision 1.13)
)))
(/usr/share/texlive/texmf-dist/tex/generic/pgf/systemlayer/pgfsyssoftpath.code.
tex
File: pgfsyssoftpath.code.tex 2013/09/09  (rcs-revision 1.9)
\pgfsyssoftpath@smallbuffer@items=\count113
\pgfsyssoftpath@bigbuffer@items=\count114
)
(/usr/share/texlive/texmf-dist/tex/generic/pgf/systemlayer/pgfsysprotocol.code.
tex
File: pgfsysprotocol.code.tex 2006/10/16  (rcs-revision 1.4)
))
(/usr/share/texlive/texmf-dist/tex/generic/pgf/basiclayer/pgfcore.code.tex
Package: pgfcore 2010/04/11 v3.0.1a (rcs-revision 1.7)

(/usr/share/texlive/texmf-dist/tex/generic/pgf/math/pgfmath.code.tex
(/usr/share/texlive/texmf-dist/tex/generic/pgf/math/pgfmathcalc.code.tex
(/usr/share/texlive/texmf-dist/tex/generic/pgf/math/pgfmathutil.code.tex)
(/usr/share/texlive/texmf-dist/tex/generic/pgf/math/pgfmathparser.code.tex
\pgfmath@dimen=\dimen133
\pgfmath@count=\count115
\pgfmath@box=\box29
\pgfmath@toks=\toks35
\pgfmath@stack@operand=\toks36
\pgfmath@stack@operation=\toks37
)
(/usr/share/texlive/texmf-dist/tex/generic/pgf/math/pgfmathfunctions.code.tex
(/usr/share/texlive/texmf-dist/tex/generic/pgf/math/pgfmathfunctions.basic.code
.tex)
(/usr/share/texlive/texmf-dist/tex/generic/pgf/math/pgfmathfunctions.trigonomet
ric.code.tex)
(/usr/share/texlive/texmf-dist/tex/generic/pgf/math/pgfmathfunctions.random.cod
e.tex)
(/usr/share/texlive/texmf-dist/tex/generic/pgf/math/pgfmathfunctions.comparison
.code.tex)
(/usr/share/texlive/texmf-dist/tex/generic/pgf/math/pgfmathfunctions.base.code.
tex)
(/usr/share/texlive/texmf-dist/tex/generic/pgf/math/pgfmathfunctions.round.code
.tex)
(/usr/share/texlive/texmf-dist/tex/generic/pgf/math/pgfmathfunctions.misc.code.
tex)
(/usr/share/texlive/texmf-dist/tex/generic/pgf/math/pgfmathfunctions.integerari
thmetics.code.tex)))
(/usr/share/texlive/texmf-dist/tex/generic/pgf/math/pgfmathfloat.code.tex
\c@pgfmathroundto@lastzeros=\count116
))
(/usr/share/texlive/texmf-dist/tex/generic/pgf/basiclayer/pgfcorepoints.code.te
x
File: pgfcorepoints.code.tex 2013/10/07  (rcs-revision 1.27)
\pgf@picminx=\dimen134
\pgf@picmaxx=\dimen135
\pgf@picminy=\dimen136
\pgf@picmaxy=\dimen137
\pgf@pathminx=\dimen138
\pgf@pathmaxx=\dimen139
\pgf@pathminy=\dimen140
\pgf@pathmaxy=\dimen141
\pgf@xx=\dimen142
\pgf@xy=\dimen143
\pgf@yx=\dimen144
\pgf@yy=\dimen145
\pgf@zx=\dimen146
\pgf@zy=\dimen147
)
(/usr/share/texlive/texmf-dist/tex/generic/pgf/basiclayer/pgfcorepathconstruct.
code.tex
File: pgfcorepathconstruct.code.tex 2013/10/07  (rcs-revision 1.29)
\pgf@path@lastx=\dimen148
\pgf@path@lasty=\dimen149
)
(/usr/share/texlive/texmf-dist/tex/generic/pgf/basiclayer/pgfcorepathusage.code
.tex
File: pgfcorepathusage.code.tex 2014/11/02  (rcs-revision 1.24)
\pgf@shorten@end@additional=\dimen150
\pgf@shorten@start@additional=\dimen151
)
(/usr/share/texlive/texmf-dist/tex/generic/pgf/basiclayer/pgfcorescopes.code.te
x
File: pgfcorescopes.code.tex 2015/05/08  (rcs-revision 1.46)
\pgfpic=\box30
\pgf@hbox=\box31
\pgf@layerbox@main=\box32
\pgf@picture@serial@count=\count117
)
(/usr/share/texlive/texmf-dist/tex/generic/pgf/basiclayer/pgfcoregraphicstate.c
ode.tex
File: pgfcoregraphicstate.code.tex 2014/11/02  (rcs-revision 1.12)
\pgflinewidth=\dimen152
)
(/usr/share/texlive/texmf-dist/tex/generic/pgf/basiclayer/pgfcoretransformation
s.code.tex
File: pgfcoretransformations.code.tex 2015/08/07  (rcs-revision 1.20)
\pgf@pt@x=\dimen153
\pgf@pt@y=\dimen154
\pgf@pt@temp=\dimen155
)
(/usr/share/texlive/texmf-dist/tex/generic/pgf/basiclayer/pgfcorequick.code.tex
File: pgfcorequick.code.tex 2008/10/09  (rcs-revision 1.3)
)
(/usr/share/texlive/texmf-dist/tex/generic/pgf/basiclayer/pgfcoreobjects.code.t
ex
File: pgfcoreobjects.code.tex 2006/10/11  (rcs-revision 1.2)
)
(/usr/share/texlive/texmf-dist/tex/generic/pgf/basiclayer/pgfcorepathprocessing
.code.tex
File: pgfcorepathprocessing.code.tex 2013/09/09  (rcs-revision 1.9)
)
(/usr/share/texlive/texmf-dist/tex/generic/pgf/basiclayer/pgfcorearrows.code.te
x
File: pgfcorearrows.code.tex 2015/05/14  (rcs-revision 1.43)
\pgfarrowsep=\dimen156
)
(/usr/share/texlive/texmf-dist/tex/generic/pgf/basiclayer/pgfcoreshade.code.tex
File: pgfcoreshade.code.tex 2013/07/15  (rcs-revision 1.15)
\pgf@max=\dimen157
\pgf@sys@shading@range@num=\count118
)
(/usr/share/texlive/texmf-dist/tex/generic/pgf/basiclayer/pgfcoreimage.code.tex
File: pgfcoreimage.code.tex 2013/07/15  (rcs-revision 1.18)

(/usr/share/texlive/texmf-dist/tex/generic/pgf/basiclayer/pgfcoreexternal.code.
tex
File: pgfcoreexternal.code.tex 2014/07/09  (rcs-revision 1.21)
\pgfexternal@startupbox=\box33
))
(/usr/share/texlive/texmf-dist/tex/generic/pgf/basiclayer/pgfcorelayers.code.te
x
File: pgfcorelayers.code.tex 2013/07/18  (rcs-revision 1.7)
)
(/usr/share/texlive/texmf-dist/tex/generic/pgf/basiclayer/pgfcoretransparency.c
ode.tex
File: pgfcoretransparency.code.tex 2013/09/30  (rcs-revision 1.5)
)
(/usr/share/texlive/texmf-dist/tex/generic/pgf/basiclayer/pgfcorepatterns.code.
tex
File: pgfcorepatterns.code.tex 2013/11/07  (rcs-revision 1.5)
)))
(/usr/share/texlive/texmf-dist/tex/generic/pgf/modules/pgfmoduleshapes.code.tex
File: pgfmoduleshapes.code.tex 2014/03/21  (rcs-revision 1.35)
\pgfnodeparttextbox=\box34
) (/usr/share/texlive/texmf-dist/tex/generic/pgf/modules/pgfmoduleplot.code.tex
File: pgfmoduleplot.code.tex 2015/08/03  (rcs-revision 1.13)
)
(/usr/share/texlive/texmf-dist/tex/latex/pgf/compatibility/pgfcomp-version-0-65
.sty
Package: pgfcomp-version-0-65 2007/07/03 v3.0.1a (rcs-revision 1.7)
\pgf@nodesepstart=\dimen158
\pgf@nodesepend=\dimen159
)
(/usr/share/texlive/texmf-dist/tex/latex/pgf/compatibility/pgfcomp-version-1-18
.sty
Package: pgfcomp-version-1-18 2007/07/23 v3.0.1a (rcs-revision 1.1)
)) (/usr/share/texlive/texmf-dist/tex/latex/pgf/utilities/pgffor.sty
(/usr/share/texlive/texmf-dist/tex/latex/pgf/utilities/pgfkeys.sty
(/usr/share/texlive/texmf-dist/tex/generic/pgf/utilities/pgfkeys.code.tex))
(/usr/share/texlive/texmf-dist/tex/latex/pgf/math/pgfmath.sty
(/usr/share/texlive/texmf-dist/tex/generic/pgf/math/pgfmath.code.tex))
(/usr/share/texlive/texmf-dist/tex/generic/pgf/utilities/pgffor.code.tex
Package: pgffor 2013/12/13 v3.0.1a (rcs-revision 1.25)

(/usr/share/texlive/texmf-dist/tex/generic/pgf/math/pgfmath.code.tex)
\pgffor@iter=\dimen160
\pgffor@skip=\dimen161
\pgffor@stack=\toks38
\pgffor@toks=\toks39
))
(/usr/share/texlive/texmf-dist/tex/generic/pgf/frontendlayer/tikz/tikz.code.tex
Package: tikz 2015/08/07 v3.0.1a (rcs-revision 1.151)

(/usr/share/texlive/texmf-dist/tex/generic/pgf/libraries/pgflibraryplothandlers
.code.tex
File: pgflibraryplothandlers.code.tex 2013/08/31 v3.0.1a (rcs-revision 1.20)
\pgf@plot@mark@count=\count119
\pgfplotmarksize=\dimen162
)
\tikz@lastx=\dimen163
\tikz@lasty=\dimen164
\tikz@lastxsaved=\dimen165
\tikz@lastysaved=\dimen166
\tikzleveldistance=\dimen167
\tikzsiblingdistance=\dimen168
\tikz@figbox=\box35
\tikz@figbox@bg=\box36
\tikz@tempbox=\box37
\tikz@tempbox@bg=\box38
\tikztreelevel=\count120
\tikznumberofchildren=\count121
\tikznumberofcurrentchild=\count122
\tikz@fig@count=\count123

(/usr/share/texlive/texmf-dist/tex/generic/pgf/modules/pgfmodulematrix.code.tex
File: pgfmodulematrix.code.tex 2013/09/17  (rcs-revision 1.8)
\pgfmatrixcurrentrow=\count124
\pgfmatrixcurrentcolumn=\count125
\pgf@matrix@numberofcolumns=\count126
)
\tikz@expandcount=\count127

(/usr/share/texlive/texmf-dist/tex/generic/pgf/frontendlayer/tikz/libraries/tik
zlibrarytopaths.code.tex
File: tikzlibrarytopaths.code.tex 2008/06/17 v3.0.1a (rcs-revision 1.2)
)))
(/usr/share/texlive/texmf-dist/tex/generic/pgf/frontendlayer/tikz/libraries/tik
zlibrarypositioning.code.tex
File: tikzlibrarypositioning.code.tex 2008/10/06 v3.0.1a (rcs-revision 1.7)
)
(/usr/share/texlive/texmf-dist/tex/latex/tools/calc.sty
Package: calc 2014/10/28 v4.3 Infix arithmetic (KKT,FJ)
\calc@Acount=\count128
\calc@Bcount=\count129
\calc@Adimen=\dimen169
\calc@Bdimen=\dimen170
\calc@Askip=\skip48
\calc@Bskip=\skip49
LaTeX Info: Redefining \setlength on input line 80.
LaTeX Info: Redefining \addtolength on input line 81.
\calc@Ccount=\count130
\calc@Cskip=\skip50
)
\c@@todonotes@numberoftodonotes=\count131
)
(/usr/share/texlive/texmf-dist/tex/latex/hyperref/hyperref.sty
Package: hyperref 2018/02/06 v6.86b Hypertext links for LaTeX

(/usr/share/texlive/texmf-dist/tex/generic/oberdiek/hobsub-hyperref.sty
Package: hobsub-hyperref 2016/05/16 v1.14 Bundle oberdiek, subset hyperref (HO)


(/usr/share/texlive/texmf-dist/tex/generic/oberdiek/hobsub-generic.sty
Package: hobsub-generic 2016/05/16 v1.14 Bundle oberdiek, subset generic (HO)
Package: hobsub 2016/05/16 v1.14 Construct package bundles (HO)
Package: infwarerr 2016/05/16 v1.4 Providing info/warning/error messages (HO)
Package: ltxcmds 2016/05/16 v1.23 LaTeX kernel commands for general use (HO)
Package: ifluatex 2016/05/16 v1.4 Provides the ifluatex switch (HO)
Package ifluatex Info: LuaTeX not detected.
Package hobsub Info: Skipping package `ifvtex' (already loaded).
Package: intcalc 2016/05/16 v1.2 Expandable calculations with integers (HO)
Package hobsub Info: Skipping package `ifpdf' (already loaded).
Package: etexcmds 2016/05/16 v1.6 Avoid name clashes with e-TeX commands (HO)
Package etexcmds Info: Could not find \expanded.
(etexcmds)             That can mean that you are not using pdfTeX 1.50 or
(etexcmds)             that some package has redefined \expanded.
(etexcmds)             In the latter case, load this package earlier.
Package: kvsetkeys 2016/05/16 v1.17 Key value parser (HO)
Package: kvdefinekeys 2016/05/16 v1.4 Define keys (HO)
Package: pdftexcmds 2018/01/21 v0.26 Utility functions of pdfTeX for LuaTeX (HO
)
Package pdftexcmds Info: LuaTeX not detected.
Package pdftexcmds Info: \pdf@primitive is available.
Package pdftexcmds Info: \pdf@ifprimitive is available.
Package pdftexcmds Info: \pdfdraftmode found.
Package: pdfescape 2016/05/16 v1.14 Implements pdfTeX's escape features (HO)
Package: bigintcalc 2016/05/16 v1.4 Expandable calculations on big integers (HO
)
Package: bitset 2016/05/16 v1.2 Handle bit-vector datatype (HO)
Package: uniquecounter 2016/05/16 v1.3 Provide unlimited unique counter (HO)
)
Package hobsub Info: Skipping package `hobsub' (already loaded).
Package: letltxmacro 2016/05/16 v1.5 Let assignment for LaTeX macros (HO)
Package: hopatch 2016/05/16 v1.3 Wrapper for package hooks (HO)
Package: xcolor-patch 2016/05/16 xcolor patch
Package: atveryend 2016/05/16 v1.9 Hooks at the very end of document (HO)
Package atveryend Info: \enddocument detected (standard20110627).
Package: atbegshi 2016/06/09 v1.18 At begin shipout hook (HO)
Package: refcount 2016/05/16 v3.5 Data extraction from label references (HO)
Package: hycolor 2016/05/16 v1.8 Color options for hyperref/bookmark (HO)
)
(/usr/share/texlive/texmf-dist/tex/latex/oberdiek/auxhook.sty
Package: auxhook 2016/05/16 v1.4 Hooks for auxiliary files (HO)
)
(/usr/share/texlive/texmf-dist/tex/latex/oberdiek/kvoptions.sty
Package: kvoptions 2016/05/16 v3.12 Key value format for package options (HO)
)
\@linkdim=\dimen171
\Hy@linkcounter=\count132
\Hy@pagecounter=\count133

(/usr/share/texlive/texmf-dist/tex/latex/hyperref/pd1enc.def
File: pd1enc.def 2018/02/06 v6.86b Hyperref: PDFDocEncoding definition (HO)
)
\Hy@SavedSpaceFactor=\count134
Package hyperref Info: Option `unicode' set `true' on input line 3456.

(/usr/share/texlive/texmf-dist/tex/latex/hyperref/puenc.def
File: puenc.def 2018/02/06 v6.86b Hyperref: PDF Unicode definition (HO)
)
(/usr/share/texlive/texmf-dist/tex/latex/latexconfig/hyperref.cfg
File: hyperref.cfg 2002/06/06 v1.2 hyperref configuration of TeXLive
)
Package hyperref Info: Option `colorlinks' set `true' on input line 4383.
Package hyperref Info: Hyper figures OFF on input line 4509.
Package hyperref Info: Link nesting OFF on input line 4514.
Package hyperref Info: Hyper index ON on input line 4517.
Package hyperref Info: Plain pages OFF on input line 4524.
Package hyperref Info: Backreferencing OFF on input line 4529.
Package hyperref Info: Implicit mode ON; LaTeX internals redefined.
Package hyperref Info: Bookmarks ON on input line 4762.
\c@Hy@tempcnt=\count135

(/usr/share/texlive/texmf-dist/tex/latex/url/url.sty
\Urlmuskip=\muskip11
Package: url 2013/09/16  ver 3.4  Verb mode for urls, etc.
)
LaTeX Info: Redefining \url on input line 5115.
\XeTeXLinkMargin=\dimen172
\Fld@menulength=\count136
\Field@Width=\dimen173
\Fld@charsize=\dimen174
Package hyperref Info: Hyper figures OFF on input line 6369.
Package hyperref Info: Link nesting OFF on input line 6374.
Package hyperref Info: Hyper index ON on input line 6377.
Package hyperref Info: backreferencing OFF on input line 6384.
Package hyperref Info: Link coloring ON on input line 6387.
Package hyperref Info: Link coloring with OCG OFF on input line 6394.
Package hyperref Info: PDF/A mode OFF on input line 6399.
LaTeX Info: Redefining \ref on input line 6439.
LaTeX Info: Redefining \pageref on input line 6443.
\Hy@abspage=\count137
\c@Item=\count138
\c@Hfootnote=\count139
)
Package hyperref Info: Driver (autodetected): hpdftex.

(/usr/share/texlive/texmf-dist/tex/latex/hyperref/hpdftex.def
File: hpdftex.def 2018/02/06 v6.86b Hyperref driver for pdfTeX
\Fld@listcount=\count140
\c@bookmark@seq@number=\count141

(/usr/share/texlive/texmf-dist/tex/latex/oberdiek/rerunfilecheck.sty
Package: rerunfilecheck 2016/05/16 v1.8 Rerun checks for auxiliary files (HO)
Package uniquecounter Info: New unique counter `rerunfilecheck' on input line 2
82.
)
\Hy@SectionHShift=\skip51
)
(/usr/share/texlive/texmf-dist/tex/latex/subfig/subfig.sty
Package: subfig 2005/06/28 ver: 1.3 subfig package

(/usr/share/texlive/texmf-dist/tex/latex/caption/caption.sty
Package: caption 2016/02/21 v3.3-144 Customizing captions (AR)

(/usr/share/texlive/texmf-dist/tex/latex/caption/caption3.sty
Package: caption3 2016/05/22 v1.7-166 caption3 kernel (AR)
Package caption3 Info: TeX engine: e-TeX on input line 67.
\captionmargin=\dimen175
\captionmargin@=\dimen176
\captionwidth=\dimen177
\caption@tempdima=\dimen178
\caption@indent=\dimen179
\caption@parindent=\dimen180
\caption@hangindent=\dimen181
)
\c@ContinuedFloat=\count142
Package caption Info: hyperref package is loaded.
)
\c@KVtest=\count143
\sf@farskip=\skip52
\sf@captopadj=\dimen182
\sf@capskip=\skip53
\sf@nearskip=\skip54
\c@subfigure=\count144
\c@subfigure@save=\count145
\c@lofdepth=\count146
\c@subtable=\count147
\c@subtable@save=\count148
\c@lotdepth=\count149
\sf@top=\skip55
\sf@bottom=\skip56
)
(/usr/share/texlive/texmf-dist/tex/latex/float/float.sty
Package: float 2001/11/08 v1.3d Float enhancements (AL)
\c@float@type=\count150
\float@exts=\toks40
\float@box=\box39
\@float@everytoks=\toks41
\@floatcapt=\box40
)
(/usr/share/texlive/texmf-dist/tex/latex/multirow/multirow.sty
Package: multirow 2016/11/25 v2.2 Span multiple rows of a table
\multirow@colwidth=\skip57
\multirow@cntb=\count151
\multirow@dima=\skip58
\bigstrutjot=\dimen183
)
(/usr/share/texlive/texmf-dist/tex/latex/tools/hhline.sty
Package: hhline 2014/10/28 v2.03 Table rule package (DPC)
)
(/usr/share/texlive/texmf-dist/tex/latex/lineno/lineno.sty
Package: lineno 2005/11/02 line numbers on paragraphs v4.41
\linenopenalty=\count152
\output=\toks42
\linenoprevgraf=\count153
\linenumbersep=\dimen184
\linenumberwidth=\dimen185
\c@linenumber=\count154
\c@pagewiselinenumber=\count155
\c@LN@truepage=\count156
\c@internallinenumber=\count157
\c@internallinenumbers=\count158
\quotelinenumbersep=\dimen186
\bframerule=\dimen187
\bframesep=\dimen188
\bframebox=\box41
LaTeX Info: Redefining \\ on input line 3056.
) (./report.aux
LaTeX Font Info:    Try loading font information for T2A+cmr on input line 20.

(/usr/share/texlive/texmf-dist/tex/latex/cyrillic/t2acmr.fd
File: t2acmr.fd 2001/08/11 v1.0a Computer Modern Cyrillic font definitions
)

LaTeX Warning: Label `1' multiply defined.


LaTeX Warning: Label `1' multiply defined.


LaTeX Warning: Label `1' multiply defined.


LaTeX Warning: Label `1' multiply defined.

)
\openout1 = `report.aux'.

LaTeX Font Info:    Checking defaults for OML/cmm/m/it on input line 51.
LaTeX Font Info:    ... okay on input line 51.
LaTeX Font Info:    Checking defaults for T1/cmr/m/n on input line 51.
LaTeX Font Info:    ... okay on input line 51.
LaTeX Font Info:    Checking defaults for OT1/cmr/m/n on input line 51.
LaTeX Font Info:    ... okay on input line 51.
LaTeX Font Info:    Checking defaults for OMS/cmsy/m/n on input line 51.
LaTeX Font Info:    ... okay on input line 51.
LaTeX Font Info:    Checking defaults for OMX/cmex/m/n on input line 51.
LaTeX Font Info:    ... okay on input line 51.
LaTeX Font Info:    Checking defaults for U/cmr/m/n on input line 51.
LaTeX Font Info:    ... okay on input line 51.
LaTeX Font Info:    Checking defaults for T2A/cmr/m/n on input line 51.
LaTeX Font Info:    ... okay on input line 51.
LaTeX Font Info:    Checking defaults for PD1/pdf/m/n on input line 51.
LaTeX Font Info:    ... okay on input line 51.
LaTeX Font Info:    Checking defaults for PU/pdf/m/n on input line 51.
LaTeX Font Info:    ... okay on input line 51.
 (/usr/share/texlive/texmf-dist/tex/latex/ucs/ucsencs.def
File: ucsencs.def 2011/01/21 Fixes to fontencodings LGR, T3
)
*geometry* driver: auto-detecting
*geometry* detected driver: pdftex
*geometry* verbose mode - [ preamble ] result:
* driver: pdftex
* paper: a4paper
* layout: <same size as paper>
* layoutoffset:(h,v)=(0.0pt,0.0pt)
* modes: 
* h-part:(L,W,R)=(85.35826pt, 455.24411pt, 56.9055pt)
* v-part:(T,H,B)=(56.9055pt, 731.23584pt, 56.9055pt)
* \paperwidth=597.50787pt
* \paperheight=845.04684pt
* \textwidth=455.24411pt
* \textheight=731.23584pt
* \oddsidemargin=13.08827pt
* \evensidemargin=13.08827pt
* \topmargin=-54.36449pt
* \headheight=14.0pt
* \headsep=25.0pt
* \topskip=14.0pt
* \footskip=30.0pt
* \marginparwidth=49.79231pt
* \marginparsep=10.0pt
* \columnsep=10.0pt
* \skip\footins=12.0pt plus 4.0pt minus 2.0pt
* \hoffset=0.0pt
* \voffset=0.0pt
* \mag=1000
* \@twocolumnfalse
* \@twosidefalse
* \@mparswitchfalse
* \@reversemarginfalse
* (1in=72.27pt=25.4mm, 1cm=28.453pt)

(/usr/share/texlive/texmf-dist/tex/context/base/mkii/supp-pdf.mkii
[Loading MPS to PDF converter (version 2006.09.02).]
\scratchcounter=\count159
\scratchdimen=\dimen189
\scratchbox=\box42
\nofMPsegments=\count160
\nofMParguments=\count161
\everyMPshowfont=\toks43
\MPscratchCnt=\count162
\MPscratchDim=\dimen190
\MPnumerator=\count163
\makeMPintoPDFobject=\count164
\everyMPtoPDFconversion=\toks44
) (/usr/share/texlive/texmf-dist/tex/latex/oberdiek/epstopdf-base.sty
Package: epstopdf-base 2016/05/15 v2.6 Base part for package epstopdf

(/usr/share/texlive/texmf-dist/tex/latex/oberdiek/grfext.sty
Package: grfext 2016/05/16 v1.2 Manage graphics extensions (HO)
)
Package epstopdf-base Info: Redefining graphics rule for `.eps' on input line 4
38.
Package grfext Info: Graphics extension search list:
(grfext)             [.pdf,.png,.jpg,.mps,.jpeg,.jbig2,.jb2,.PDF,.PNG,.JPG,.JPE
G,.JBIG2,.JB2,.eps]
(grfext)             \AppendGraphicsExtensions on input line 456.

(/usr/share/texlive/texmf-dist/tex/latex/latexconfig/epstopdf-sys.cfg
File: epstopdf-sys.cfg 2010/07/13 v1.3 Configuration of (r)epstopdf for TeX Liv
e
))
ABD: EveryShipout initializing macros
\AtBeginShipoutBox=\box43
Package hyperref Info: Link coloring ON on input line 51.

(/usr/share/texlive/texmf-dist/tex/latex/hyperref/nameref.sty
Package: nameref 2016/05/21 v2.44 Cross-referencing by name of section

(/usr/share/texlive/texmf-dist/tex/generic/oberdiek/gettitlestring.sty
Package: gettitlestring 2016/05/16 v1.5 Cleanup title references (HO)
)
\c@section@level=\count165
)
LaTeX Info: Redefining \ref on input line 51.
LaTeX Info: Redefining \pageref on input line 51.
LaTeX Info: Redefining \nameref on input line 51.

(./report.out) (./report.out)
\@outlinefile=\write5
\openout5 = `report.out'.

Package caption Info: Begin \AtBeginDocument code.
Package caption Info: subfig package v1.3 is loaded.
Package caption Info: float package is loaded.
Package caption Info: End \AtBeginDocument code.

(/usr/share/texlive/texmf-dist/tex/latex/ucs/data/uni-4.def
File: uni-4.def 2013/05/13 UCS: Unicode data U+0400..U+04FF
)
Underfull \hbox (badness 10000) in paragraph at lines 82--82

 []


Overfull \hbox (14.22635pt too wide) in paragraph at lines 80--84
  $[]$
 []

(/usr/share/texlive/texmf-dist/tex/latex/ucs/data/uni-33.def
File: uni-33.def 2013/05/13 UCS: Unicode data U+2100..U+21FF
)
Package babel Info: Redefining ukrainian shorthand "|
(babel)             in language  on input line 94.
Package babel Info: Redefining ukrainian shorthand "~
(babel)             in language  on input line 94.
Package babel Info: Redefining ukrainian shorthand "|
(babel)             in language  on input line 94.
Package babel Info: Redefining ukrainian shorthand "~
(babel)             in language  on input line 94.
 [1

{/var/lib/texmf/fonts/map/pdftex/updmap/pdftex.map}]
Overfull \hbox (52.6741pt too wide) in paragraph at lines 106--108
\T2A/cmr/m/n/14.4 стив ква-лi-фi-ка-цiй-ну ро-бо-ту ба-ка-лав-ра з оцiн-кою []
 []


Underfull \hbox (badness 10000) in paragraph at lines 106--108

 []

Package babel Info: Redefining ukrainian shorthand "|
(babel)             in language  on input line 112.
Package babel Info: Redefining ukrainian shorthand "~
(babel)             in language  on input line 112.
Package babel Info: Redefining ukrainian shorthand "|
(babel)             in language  on input line 112.
Package babel Info: Redefining ukrainian shorthand "~
(babel)             in language  on input line 112.
pdfTeX warning (ext4): destination with the same identifier (name{page.1}) has 
been already used, duplicate ignored
<to be read again> 
                   \relax 
l.112 \end{titlepage}
                      [1]
(/usr/share/texlive/texmf-dist/tex/latex/ucs/data/uni-0.def
File: uni-0.def 2013/05/13 UCS: Unicode data U+0000..U+00FF
)
Overfull \hbox (7.28302pt too wide) in paragraph at lines 120--126
\T2A/cmr/m/it/14.4 унi-вер-си-тет iме-нi Та-ра-са Шев-чен-ка, фi-зи-чний фа-кул
ь-тет, ка-фе-дра ядер-
 []


Underfull \hbox (badness 10000) in paragraph at lines 120--126

 []


Underfull \hbox (badness 10000) in paragraph at lines 120--126

 []

Package babel Info: Redefining ukrainian shorthand "|
(babel)             in language  on input line 127.
Package babel Info: Redefining ukrainian shorthand "~
(babel)             in language  on input line 127.
Package babel Info: Redefining ukrainian shorthand "|
(babel)             in language  on input line 127.
Package babel Info: Redefining ukrainian shorthand "~
(babel)             in language  on input line 127.
pdfTeX warning (ext4): destination with the same identifier (name{page.1}) has 
been already used, duplicate ignored
<to be read again> 
                   \relax 
l.127 \newpage
               [1]
Package babel Info: Redefining ukrainian shorthand "|
(babel)             in language  on input line 140.
Package babel Info: Redefining ukrainian shorthand "~
(babel)             in language  on input line 140.
Package babel Info: Redefining ukrainian shorthand "|
(babel)             in language  on input line 140.
Package babel Info: Redefining ukrainian shorthand "~
(babel)             in language  on input line 140.
 [2] (./report.toc)
\tf@toc=\write6
\openout6 = `report.toc'.

Package babel Info: Redefining ukrainian shorthand "|
(babel)             in language  on input line 142.
Package babel Info: Redefining ukrainian shorthand "~
(babel)             in language  on input line 142.
Package babel Info: Redefining ukrainian shorthand "|
(babel)             in language  on input line 142.
Package babel Info: Redefining ukrainian shorthand "~
(babel)             in language  on input line 142.
 [3]
Package babel Info: Redefining ukrainian shorthand "|
(babel)             in language  on input line 148.
Package babel Info: Redefining ukrainian shorthand "~
(babel)             in language  on input line 148.

Overfull \hbox (5.4695pt too wide) in paragraph at lines 150--151
[]\T2A/cmr/m/n/14.4 З роз-ви-тком те-хно-ло-гiй та про-ми-сло-во-стi, за-бру-дн
е-н-ням нав-ко-ли-шньо-
 []


Overfull \hbox (1.2085pt too wide) in paragraph at lines 157--158
[]\T2A/cmr/m/n/14.4 На осно-вi про-е-кту SABAT(Stoichiometry Analysis By Acti-v
ati-on Techni-
 []

Package babel Info: Redefining ukrainian shorthand "|
(babel)             in language  on input line 161.
Package babel Info: Redefining ukrainian shorthand "~
(babel)             in language  on input line 161.
Package babel Info: Redefining ukrainian shorthand "|
(babel)             in language  on input line 161.
Package babel Info: Redefining ukrainian shorthand "~
(babel)             in language  on input line 161.
pdfTeX warning (ext4): destination with the same identifier (name{page.2}) has 
been already used, duplicate ignored
<to be read again> 
                   \relax 
l.161 \newpage
               [2]
Package babel Info: Redefining ukrainian shorthand "|
(babel)             in language  on input line 162.
Package babel Info: Redefining ukrainian shorthand "~
(babel)             in language  on input line 162.
Package babel Info: Redefining ukrainian shorthand "|
(babel)             in language  on input line 164.
Package babel Info: Redefining ukrainian shorthand "~
(babel)             in language  on input line 164.

Overfull \hbox (5.78592pt too wide) in paragraph at lines 165--166
[]\T2A/cmr/m/n/14.4 Geant4 - на-пи-са-ний на об'№ктно орi-№н-то-ва-нiй мо-вi пр
о-гра-му-ва-н-ня С++,
 []


Overfull \hbox (0.60622pt too wide) in paragraph at lines 165--166
\T2A/cmr/m/n/14.4 яка да№ мо-жли-вiсть ви-ко-ри-сто-ву-ва-ти мульти-поточну ар-
хi-те-кту-ру, i отри-
 []

Package babel Info: Redefining ukrainian shorthand "|
(babel)             in language  on input line 171.
Package babel Info: Redefining ukrainian shorthand "~
(babel)             in language  on input line 171.

Package hyperref Warning: Token not allowed in a PDF string (Unicode):
(hyperref)                removing `math shift' on input line 171.


Package hyperref Warning: Token not allowed in a PDF string (Unicode):
(hyperref)                removing `math shift' on input line 171.

Package babel Info: Redefining ukrainian shorthand "|
(babel)             in language  on input line 174.
Package babel Info: Redefining ukrainian shorthand "~
(babel)             in language  on input line 174.
Package babel Info: Redefining ukrainian shorthand "|
(babel)             in language  on input line 174.
Package babel Info: Redefining ukrainian shorthand "~
(babel)             in language  on input line 174.
pdfTeX warning (ext4): destination with the same identifier (name{page.3}) has 
been already used, duplicate ignored
<to be read again> 
                   \relax 
l.174 \subsection
                 {Р”Р¶РµСЂРµР»Р° РЅРµР№С‚СЂРѕРЅС–РІ} [3]
Package babel Info: Redefining ukrainian shorthand "|
(babel)             in language  on input line 174.
Package babel Info: Redefining ukrainian shorthand "~
(babel)             in language  on input line 174.
Package babel Info: Redefining ukrainian shorthand "|
(babel)             in language  on input line 177.
Package babel Info: Redefining ukrainian shorthand "~
(babel)             in language  on input line 177.
Package babel Info: Redefining ukrainian shorthand "|
(babel)             in language  on input line 177.
Package babel Info: Redefining ukrainian shorthand "~
(babel)             in language  on input line 177.
 [4]
Package babel Info: Redefining ukrainian shorthand "|
(babel)             in language  on input line 178.
Package babel Info: Redefining ukrainian shorthand "~
(babel)             in language  on input line 178.
Package babel Info: Redefining ukrainian shorthand "|
(babel)             in language  on input line 231.
Package babel Info: Redefining ukrainian shorthand "~
(babel)             in language  on input line 231.
<images/sabatGeometry.png, id=150, 340.27126pt x 340.27126pt>
File: images/sabatGeometry.png Graphic file (type png)
<use images/sabatGeometry.png>
Package pdftex.def Info: images/sabatGeometry.png  used on input line 235.
(pdftex.def)             Requested size: 318.66948pt x 318.68678pt.
Package babel Info: Redefining ukrainian shorthand "|
(babel)             in language  on input line 239.
Package babel Info: Redefining ukrainian shorthand "~
(babel)             in language  on input line 239.
Package babel Info: Redefining ukrainian shorthand "|
(babel)             in language  on input line 239.
Package babel Info: Redefining ukrainian shorthand "~
(babel)             in language  on input line 239.
 [5]
<images/geometryAll.png, id=159, 497.86pt x 497.86pt>
File: images/geometryAll.png Graphic file (type png)
<use images/geometryAll.png>
Package pdftex.def Info: images/geometryAll.png  used on input line 243.
(pdftex.def)             Requested size: 318.66948pt x 318.67488pt.
Package babel Info: Redefining ukrainian shorthand "|
(babel)             in language  on input line 247.
Package babel Info: Redefining ukrainian shorthand "~
(babel)             in language  on input line 247.
Package babel Info: Redefining ukrainian shorthand "|
(babel)             in language  on input line 247.
Package babel Info: Redefining ukrainian shorthand "~
(babel)             in language  on input line 247.
 [6 <./images/sabatGeometry.png>]
Package babel Info: Redefining ukrainian shorthand "|
(babel)             in language  on input line 251.
Package babel Info: Redefining ukrainian shorthand "~
(babel)             in language  on input line 251.
<images/sDetector158cm3.png, id=169, 256.96pt x 256.96pt>
File: images/sDetector158cm3.png Graphic file (type png)
<use images/sDetector158cm3.png>
Package pdftex.def Info: images/sDetector158cm3.png  used on input line 256.
(pdftex.def)             Requested size: 318.66948pt x 318.69376pt.
Package babel Info: Redefining ukrainian shorthand "|
(babel)             in language  on input line 260.
Package babel Info: Redefining ukrainian shorthand "~
(babel)             in language  on input line 260.
Package babel Info: Redefining ukrainian shorthand "|
(babel)             in language  on input line 260.
Package babel Info: Redefining ukrainian shorthand "~
(babel)             in language  on input line 260.
 [7 <./images/geometryAll.png>]
<images/dectorPrt.png, id=177, 477.785pt x 476.78125pt>
File: images/dectorPrt.png Graphic file (type png)
<use images/dectorPrt.png>
Package pdftex.def Info: images/dectorPrt.png  used on input line 264.
(pdftex.def)             Requested size: 318.66948pt x 318.0013pt.
Package babel Info: Redefining ukrainian shorthand "|
(babel)             in language  on input line 275.
Package babel Info: Redefining ukrainian shorthand "~
(babel)             in language  on input line 275.
Package babel Info: Redefining ukrainian shorthand "|
(babel)             in language  on input line 275.
Package babel Info: Redefining ukrainian shorthand "~
(babel)             in language  on input line 275.
 [8 <./images/sDetector158cm3.png>]
Overfull \hbox (31.36441pt too wide) in paragraph at lines 277--278
[]\T2A/cmr/m/n/14.4 За при-клад бу-ло взя-то де-те-ктор N21879A ви-ро-бни-ка вi
д ORTEC AMETEK,
 []

Package babel Info: Redefining ukrainian shorthand "|
(babel)             in language  on input line 279.
Package babel Info: Redefining ukrainian shorthand "~
(babel)             in language  on input line 279.
<res/classDiagram.pdf, id=187, 1395.2125pt x 662.475pt>
File: res/classDiagram.pdf Graphic file (type pdf)
<use res/classDiagram.pdf>
Package pdftex.def Info: res/classDiagram.pdf  used on input line 284.
(pdftex.def)             Requested size: 455.24411pt x 216.16104pt.
Package babel Info: Redefining ukrainian shorthand "|
(babel)             in language  on input line 288.
Package babel Info: Redefining ukrainian shorthand "~
(babel)             in language  on input line 288.
Package babel Info: Redefining ukrainian shorthand "|
(babel)             in language  on input line 288.
Package babel Info: Redefining ukrainian shorthand "~
(babel)             in language  on input line 288.
[9 <./images/dectorPrt.png>]
Package babel Info: Redefining ukrainian shorthand "|
(babel)             in language  on input line 290.
Package babel Info: Redefining ukrainian shorthand "~
(babel)             in language  on input line 290.
Package babel Info: Redefining ukrainian shorthand "|
(babel)             in language  on input line 290.
Package babel Info: Redefining ukrainian shorthand "~
(babel)             in language  on input line 290.
 [10 <./res/classDiagram.pdf>]
Package babel Info: Redefining ukrainian shorthand "|
(babel)             in language  on input line 291.
Package babel Info: Redefining ukrainian shorthand "~
(babel)             in language  on input line 291.
Package babel Info: Redefining ukrainian shorthand "|
(babel)             in language  on input line 293.
Package babel Info: Redefining ukrainian shorthand "~
(babel)             in language  on input line 293.
<res/smFonPiscks.pdf, id=205, 569.12625pt x 298.11375pt>
File: res/smFonPiscks.pdf Graphic file (type pdf)
<use res/smFonPiscks.pdf>
Package pdftex.def Info: res/smFonPiscks.pdf  used on input line 300.
(pdftex.def)             Requested size: 455.24411pt x 238.47313pt.
Package babel Info: Redefining ukrainian shorthand "|
(babel)             in language  on input line 306.
Package babel Info: Redefining ukrainian shorthand "~
(babel)             in language  on input line 306.
<res/smMustFonAll.pdf, id=207, 569.12625pt x 385.44pt>
File: res/smMustFonAll.pdf Graphic file (type pdf)
<use res/smMustFonAll.pdf>
Package pdftex.def Info: res/smMustFonAll.pdf  used on input line 311.
(pdftex.def)             Requested size: 455.24411pt x 308.32889pt.
<res/mustFon78.pdf, id=210, 569.12625pt x 322.20375pt>
File: res/mustFon78.pdf Graphic file (type pdf)
<use res/mustFon78.pdf>
Package pdftex.def Info: res/mustFon78.pdf  used on input line 320.
(pdftex.def)             Requested size: 455.24411pt x 257.74368pt.
<res/mustFon89.pdf, id=211, 569.12625pt x 312.16624pt>
File: res/mustFon89.pdf Graphic file (type pdf)
<use res/mustFon89.pdf>
Package pdftex.def Info: res/mustFon89.pdf  used on input line 326.
(pdftex.def)             Requested size: 455.24411pt x 249.71428pt.
Package babel Info: Redefining ukrainian shorthand "|
(babel)             in language  on input line 330.
Package babel Info: Redefining ukrainian shorthand "~
(babel)             in language  on input line 330.
Package babel Info: Redefining ukrainian shorthand "|
(babel)             in language  on input line 330.
Package babel Info: Redefining ukrainian shorthand "~
(babel)             in language  on input line 330.
 [11]
Package babel Info: Redefining ukrainian shorthand "|
(babel)             in language  on input line 330.
Package babel Info: Redefining ukrainian shorthand "~
(babel)             in language  on input line 330.
Package babel Info: Redefining ukrainian shorthand "|
(babel)             in language  on input line 330.
Package babel Info: Redefining ukrainian shorthand "~
(babel)             in language  on input line 330.
 [12 <./res/smFonPiscks.pdf, page is rotated 90 degrees> <./res/smMustFonAll.pd
f, page is rotated 90 degrees>]
Package babel Info: Redefining ukrainian shorthand "|
(babel)             in language  on input line 331.
Package babel Info: Redefining ukrainian shorthand "~
(babel)             in language  on input line 331.
Package babel Info: Redefining ukrainian shorthand "|
(babel)             in language  on input line 331.
Package babel Info: Redefining ukrainian shorthand "~
(babel)             in language  on input line 331.
 [13 <./res/mustFon78.pdf, page is rotated 90 degrees> <./res/mustFon89.pdf, pa
ge is rotated 90 degrees>]
Package babel Info: Redefining ukrainian shorthand "|
(babel)             in language  on input line 333.
Package babel Info: Redefining ukrainian shorthand "~
(babel)             in language  on input line 333.


Package hyperref Warning: Token not allowed in a PDF string (Unicode):
(hyperref)                removing `math shift' on input line 333.


Package hyperref Warning: Token not allowed in a PDF string (Unicode):
(hyperref)                removing `subscript' on input line 333.


Package hyperref Warning: Token not allowed in a PDF string (Unicode):
(hyperref)                removing `subscript' on input line 333.


Package hyperref Warning: Token not allowed in a PDF string (Unicode):
(hyperref)                removing `math shift' on input line 333.

<res/auFonAllLog.pdf, id=403, 569.12625pt x 347.2975pt>
File: res/auFonAllLog.pdf Graphic file (type pdf)
<use res/auFonAllLog.pdf>
Package pdftex.def Info: res/auFonAllLog.pdf  used on input line 338.
(pdftex.def)             Requested size: 455.24411pt x 277.81717pt.
<res/Ag3AuS2_8_5MeVFonClasic.pdf, id=405, 569.12625pt x 304.13625pt>
File: res/Ag3AuS2_8_5MeVFonClasic.pdf Graphic file (type pdf)
<use res/Ag3AuS2_8_5MeVFonClasic.pdf>
Package pdftex.def Info: res/Ag3AuS2_8_5MeVFonClasic.pdf  used on input line 34
6.
(pdftex.def)             Requested size: 455.24411pt x 243.29076pt.

LaTeX Warning: Reference `ris:Ag3AuS22_8MeV' on page 14 undefined on input line
 351.

<res/AuAgS28MeV.pdf, id=407, 569.12625pt x 331.2375pt>
File: res/AuAgS28MeV.pdf Graphic file (type pdf)
<use res/AuAgS28MeV.pdf>
Package pdftex.def Info: res/AuAgS28MeV.pdf  used on input line 354.
(pdftex.def)             Requested size: 455.24411pt x 264.97012pt.
Package babel Info: Redefining ukrainian shorthand "|
(babel)             in language  on input line 359.
Package babel Info: Redefining ukrainian shorthand "~
(babel)             in language  on input line 359.

Package hyperref Warning: Token not allowed in a PDF string (Unicode):
(hyperref)                removing `math shift' on input line 359.


Package hyperref Warning: Token not allowed in a PDF string (Unicode):
(hyperref)                removing `\gamma' on input line 359.


Package hyperref Warning: Token not allowed in a PDF string (Unicode):
(hyperref)                removing `math shift' on input line 359.

Package babel Info: Redefining ukrainian shorthand "|
(babel)             in language  on input line 361.
Package babel Info: Redefining ukrainian shorthand "~
(babel)             in language  on input line 361.

Package hyperref Warning: Token not allowed in a PDF string (Unicode):
(hyperref)                removing `math shift' on input line 361.


Package hyperref Warning: Token not allowed in a PDF string (Unicode):
(hyperref)                removing `subscript' on input line 361.


Package hyperref Warning: Token not allowed in a PDF string (Unicode):
(hyperref)                removing `math shift' on input line 361.

<res/smCuFeS2FonAll.pdf, id=409, 569.12625pt x 299.1175pt>
File: res/smCuFeS2FonAll.pdf Graphic file (type pdf)
<use res/smCuFeS2FonAll.pdf>
Package pdftex.def Info: res/smCuFeS2FonAll.pdf  used on input line 365.
(pdftex.def)             Requested size: 455.24411pt x 239.27606pt.
Package babel Info: Redefining ukrainian shorthand "|
(babel)             in language  on input line 370.
Package babel Info: Redefining ukrainian shorthand "~
(babel)             in language  on input line 370.
Package babel Info: Redefining ukrainian shorthand "|
(babel)             in language  on input line 370.
Package babel Info: Redefining ukrainian shorthand "~
(babel)             in language  on input line 370.
[14 <./res/auFonAllLog.pdf, page is rotated 90 degrees>]
Package babel Info: Redefining ukrainian shorthand "|
(babel)             in language  on input line 370.
Package babel Info: Redefining ukrainian shorthand "~
(babel)             in language  on input line 370.
Package babel Info: Redefining ukrainian shorthand "|
(babel)             in language  on input line 370.
Package babel Info: Redefining ukrainian shorthand "~
(babel)             in language  on input line 370.
 [15 <./res/Ag3AuS2_8_5MeVFonClasic.pdf, page is rotated 90 degrees> <./res/AuA
gS28MeV.pdf, page is rotated 90 degrees>]
Package babel Info: Redefining ukrainian shorthand "|
(babel)             in language  on input line 371.
Package babel Info: Redefining ukrainian shorthand "~
(babel)             in language  on input line 371.


Package hyperref Warning: Token not allowed in a PDF string (Unicode):
(hyperref)                removing `math shift' on input line 371.


Package hyperref Warning: Token not allowed in a PDF string (Unicode):
(hyperref)                removing `superscript' on input line 371.


Package hyperref Warning: Token not allowed in a PDF string (Unicode):
(hyperref)                removing `math shift' on input line 371.

<res/poorUranium.pdf, id=552, 569.12625pt x 333.245pt>
File: res/poorUranium.pdf Graphic file (type pdf)
<use res/poorUranium.pdf>
Package pdftex.def Info: res/poorUranium.pdf  used on input line 375.
(pdftex.def)             Requested size: 455.24411pt x 266.576pt.
Package babel Info: Redefining ukrainian shorthand "|
(babel)             in language  on input line 381.
Package babel Info: Redefining ukrainian shorthand "~
(babel)             in language  on input line 381.
Package babel Info: Redefining ukrainian shorthand "|
(babel)             in language  on input line 381.
Package babel Info: Redefining ukrainian shorthand "~
(babel)             in language  on input line 381.
[16 <./res/smCuFeS2FonAll.pdf, page is rotated 90 degrees>]
Package babel Info: Redefining ukrainian shorthand "|
(babel)             in language  on input line 382.
Package babel Info: Redefining ukrainian shorthand "~
(babel)             in language  on input line 382.
Package babel Info: Redefining ukrainian shorthand "|
(babel)             in language  on input line 386.
Package babel Info: Redefining ukrainian shorthand "~
(babel)             in language  on input line 386.
Package babel Info: Redefining ukrainian shorthand "|
(babel)             in language  on input line 386.
Package babel Info: Redefining ukrainian shorthand "~
(babel)             in language  on input line 386.
 [17 <./res/poorUranium.pdf, page is rotated 90 degrees>]
Package babel Info: Redefining ukrainian shorthand "|
(babel)             in language  on input line 387.
Package babel Info: Redefining ukrainian shorthand "~
(babel)             in language  on input line 387.
Package babel Info: Redefining ukrainian shorthand "|
(babel)             in language  on input line 387.
Package babel Info: Redefining ukrainian shorthand "~
(babel)             in language  on input line 387.
 [18]
Package babel Info: Redefining ukrainian shorthand "|
(babel)             in language  on input line 389.
Package babel Info: Redefining ukrainian shorthand "~
(babel)             in language  on input line 389.

Underfull \hbox (badness 1377) in paragraph at lines 402--403
\T2A/cmr/m/n/14.4 ВIД-КА РО-ДО-ВИЩ КО-РИ-СНИХ КО-ПА-ЛИН КИ-€В-СЬКИЙ НА-
 []


Underfull \hbox (badness 5622) in paragraph at lines 402--403
\T2A/cmr/m/n/14.4 ЦIО-НАЛЬ-НИЙ УНI-ВЕР-СИ-ТЕТ IМЕ-НI ТА-РА-СА ШЕВ-ЧЕН-КА
 []

Package babel Info: Redefining ukrainian shorthand "|
(babel)             in language  on input line 406.
Package babel Info: Redefining ukrainian shorthand "~
(babel)             in language  on input line 406.
Package babel Info: Redefining ukrainian shorthand "|
(babel)             in language  on input line 406.
Package babel Info: Redefining ukrainian shorthand "~
(babel)             in language  on input line 406.
[19pdfTeX warning (ext4): destination with the same identifier (name{cite.1}) h
as been already used, duplicate ignored

\@EveryShipout@Output ...@Org@Shipout \box \@cclv 
                                                  
l.406 \end{document}
                    pdfTeX warning (ext4): destination with the same identifier
 (name{cite.1}) has been already used, duplicate ignored

\@EveryShipout@Output ...@Org@Shipout \box \@cclv 
                                                  
l.406 \end{document}
                    pdfTeX warning (ext4): destination with the same identifier
 (name{cite.1}) has been already used, duplicate ignored

\@EveryShipout@Output ...@Org@Shipout \box \@cclv 
                                                  
l.406 \end{document}
                    pdfTeX warning (ext4): destination with the same identifier
 (name{cite.1}) has been already used, duplicate ignored

\@EveryShipout@Output ...@Org@Shipout \box \@cclv 
                                                  
l.406 \end{document}
                    ]
Package atveryend Info: Empty hook `BeforeClearDocument' on input line 406.
Package atveryend Info: Empty hook `AfterLastShipout' on input line 406.
 (./report.aux)
Package atveryend Info: Executing hook `AtVeryEndDocument' on input line 406.
Package atveryend Info: Executing hook `AtEndAfterFileList' on input line 406.
Package rerunfilecheck Info: File `report.out' has not changed.
(rerunfilecheck)             Checksum: E9420EB01308F04B3E4FA381EEBC3748;3186.


LaTeX Warning: There were undefined references.


LaTeX Warning: There were multiply-defined labels.

Package atveryend Info: Empty hook `AtVeryVeryEnd' on input line 406.
 ) 
Here is how much of TeX's memory you used:
 24290 strings out of 492982
 418647 string characters out of 6134896
 470819 words of memory out of 5000000
 27376 multiletter control sequences out of 15000+600000
 24717 words of font info for 54 fonts, out of 8000000 for 9000
 1141 hyphenation exceptions out of 8191
 62i,11n,96p,1306b,812s stack positions out of 5000i,500n,10000p,200000b,80000s
{/usr/share/texmf/fonts/enc/dvips/cm-super/cm-super-t2a.enc}{/usr/share/texmf
/fonts/enc/dvips/cm-super/cm-super-t1.enc}</usr/share/texlive/texmf-dist/fonts/
type1/public/amsfonts/cm/cmex10.pfb></usr/share/texlive/texmf-dist/fonts/type1/
public/amsfonts/cm/cmmi10.pfb></usr/share/texlive/texmf-dist/fonts/type1/public
/amsfonts/cm/cmmi12.pfb></usr/share/texlive/texmf-dist/fonts/type1/public/amsfo
nts/cm/cmmi7.pfb></usr/share/texlive/texmf-dist/fonts/type1/public/amsfonts/cm/
cmr10.pfb></usr/share/texlive/texmf-dist/fonts/type1/public/amsfonts/cm/cmr12.p
fb></usr/share/texlive/texmf-dist/fonts/type1/public/amsfonts/cm/cmr17.pfb></us
r/share/texlive/texmf-dist/fonts/type1/public/amsfonts/cm/cmsy10.pfb></usr/shar
e/texmf/fonts/type1/public/cm-super/sfbi1440.pfb></usr/share/texmf/fonts/type1/
public/cm-super/sfbx1440.pfb></usr/share/texmf/fonts/type1/public/cm-super/sfbx
1728.pfb></usr/share/texmf/fonts/type1/public/cm-super/sfbx2074.pfb></usr/share
/texmf/fonts/type1/public/cm-super/sfrm1200.pfb></usr/share/texmf/fonts/type1/p
ublic/cm-super/sfrm1440.pfb></usr/share/texmf/fonts/type1/public/cm-super/sfti1
440.pfb>
Output written on report.pdf (23 pages, 811130 bytes).
PDF statistics:
 736 PDF objects out of 1000 (max. 8388607)
 448 compressed objects within 5 object streams
 58 named destinations out of 1000 (max. 500000)
 227 words of extra memory for PDF output out of 10000 (max. 10000000)

