\BOOKMARK [1][-]{section.1}{\376\377\004\022\004\101\004\102\004\103\004\077}{}% 1
\BOOKMARK [1][-]{section.2}{\376\377\004\042\004\065\004\076\004\100\004\065\004\102\004\070\004\107\004\075\004\060\000\040\004\107\004\060\004\101\004\102\004\070\004\075\004\060}{}% 2
\BOOKMARK [2][-]{subsection.2.1}{\376\377\004\044\004\126\004\067\004\070\004\107\004\075\004\060\000\040\004\074\004\076\004\064\004\065\004\073\004\114\000\040\000Q\000G\000S\000P\000\137\000B\000E\000R\000T}{section.2}% 3
\BOOKMARK [2][-]{subsection.2.2}{\376\377\004\034\004\103\004\073\004\114\004\102\004\070\004\077\004\076\004\102\004\076\004\107\004\075\004\126\004\101\004\102\004\114\000\040\000G\000e\000a\000n\000t\0004}{section.2}% 4
\BOOKMARK [2][-]{subsection.2.3}{\376\377\004\024\004\066\004\065\004\100\004\065\004\073\004\060\000\040\004\075\004\065\004\071\004\102\004\100\004\076\004\075\004\126\004\062}{section.2}% 5
\BOOKMARK [1][-]{section.3}{\376\377\004\037\004\076\004\101\004\102\004\060\004\075\004\076\004\062\004\072\004\060\000\040\004\067\004\060\004\064\004\060\004\107\004\126}{}% 6
\BOOKMARK [2][-]{subsection.3.1}{\376\377\004\023\004\065\004\076\004\074\004\065\004\102\004\100\004\126\004\127\000\040\004\074\004\076\004\064\004\065\004\073\004\116\004\062\004\060\004\075\004\075\004\117}{section.3}% 7
\BOOKMARK [2][-]{subsection.3.2}{\376\377\004\047\004\103\004\102\004\073\004\070\004\062\004\070\004\071\000\040\004\076\004\061\000'\004\124\004\074\000\040\004\064\004\065\004\102\004\065\004\072\004\102\004\076\004\100\004\060\000\040\004\102\004\060\000\040\004\067\004\060\004\105\004\070\004\101\004\102}{section.3}% 8
\BOOKMARK [2][-]{subsection.3.3}{\376\377\004\024\004\076\004\101\004\073\004\126\004\064\004\066\004\103\004\062\004\060\004\075\004\126\000\040\004\100\004\065\004\107\004\076\004\062\004\070\004\075\004\070}{section.3}% 9
\BOOKMARK [2][-]{subsection.3.4}{\376\377\004\036\004\077\004\070\004\101\000\040\004\077\004\100\004\076\004\063\004\100\004\060\004\074\004\075\004\076\004\127\000\040\004\074\004\076\004\064\004\065\004\073\004\126}{section.3}% 10
\BOOKMARK [1][-]{section.4}{\376\377\004\020\004\075\004\060\004\073\004\126\004\067\000\040\004\100\004\065\004\067\004\103\004\073\004\114\004\102\004\060\004\102\004\126\004\062}{}% 11
\BOOKMARK [2][-]{subsection.4.1}{\376\377\004\036\004\077\004\070\004\101\000\040\004\076\004\061\004\100\004\076\004\061\004\072\004\070\000\040\004\101\004\077\004\065\004\072\004\102\004\100\004\103}{section.4}% 12
\BOOKMARK [2][-]{subsection.4.2}{\376\377\004\022\004\060\004\073\004\126\004\064\004\060\004\106\004\126\004\117\000\040\004\074\004\076\004\064\004\065\004\073\004\126}{section.4}% 13
\BOOKMARK [2][-]{subsection.4.3}{\376\377\004\024\004\076\004\101\004\073\004\126\004\064\004\066\004\065\004\075\004\075\004\117\000\040\000\050\000n\000,\000\040\000\051\000\040\004\100\004\065\004\060\004\072\004\106\004\126\004\071\000,\000\040\000A\000u\000\040\004\102\004\060\000\040\000C\000u}{section.4}% 14
\BOOKMARK [2][-]{subsection.4.4}{\376\377\004\020\004\075\004\060\004\073\004\126\004\067\000\040\004\101\004\077\004\065\004\072\004\102\004\100\004\126\004\062\000\040\000A\000g\0003\000A\000u\000S\0002}{section.4}% 15
\BOOKMARK [2][-]{subsection.4.5}{\376\377\004\020\004\075\004\060\004\073\004\126\004\067\000\040\004\101\004\077\004\065\004\072\004\102\004\100\004\126\004\062\000\040\000C\000u\000F\000e\000S\0002}{section.4}% 16
\BOOKMARK [2][-]{subsection.4.6}{\376\377\004\020\004\075\004\060\004\073\004\126\004\067\000\040\004\101\004\077\004\065\004\072\004\102\004\100\004\103\000\040\000U\0002\0003\0008}{section.4}% 17
\BOOKMARK [2][-]{subsection.4.7}{\376\377\004\036\004\106\004\126\004\075\004\072\004\060\000\040\004\107\004\103\004\102\004\073\004\070\004\062\004\076\004\101\004\102\004\126}{section.4}% 18
\BOOKMARK [1][-]{section.5}{\376\377\004\022\004\070\004\101\004\075\004\076\004\062\004\072\004\070}{}% 19
\BOOKMARK [1][-]{section.6}{\376\377\004\024\004\076\004\064\004\060\004\102\004\072\004\070}{}% 20
\BOOKMARK [1][-]{figure.caption.30}{\376\377\004\033\004\126\004\102\004\065\004\100\004\060\004\102\004\103\004\100\004\060}{}% 21
