Determining if the Q_WS_WIN exist failed with the following output:
Change Dir: /home/andriy/Programs/G4W/GW/GWP/build/CMakeFiles/CMakeTmp

Run Build Command:"/usr/bin/make" "cmTC_ded2d/fast"
/usr/bin/make -f CMakeFiles/cmTC_ded2d.dir/build.make CMakeFiles/cmTC_ded2d.dir/build
make[1]: Entering directory '/home/andriy/Programs/G4W/GW/GWP/build/CMakeFiles/CMakeTmp'
Building CXX object CMakeFiles/cmTC_ded2d.dir/CheckSymbolExists.cxx.o
/usr/bin/c++   -I/usr/include/qt4   -o CMakeFiles/cmTC_ded2d.dir/CheckSymbolExists.cxx.o -c /home/andriy/Programs/G4W/GW/GWP/build/CMakeFiles/CMakeTmp/CheckSymbolExists.cxx
/home/andriy/Programs/G4W/GW/GWP/build/CMakeFiles/CMakeTmp/CheckSymbolExists.cxx: In function ‘int main(int, char**)’:
/home/andriy/Programs/G4W/GW/GWP/build/CMakeFiles/CMakeTmp/CheckSymbolExists.cxx:8:19: error: ‘Q_WS_WIN’ was not declared in this scope
   return ((int*)(&Q_WS_WIN))[argc];
                   ^~~~~~~~
/home/andriy/Programs/G4W/GW/GWP/build/CMakeFiles/CMakeTmp/CheckSymbolExists.cxx:8:19: note: suggested alternative: ‘Q_WS_X11’
   return ((int*)(&Q_WS_WIN))[argc];
                   ^~~~~~~~
                   Q_WS_X11
CMakeFiles/cmTC_ded2d.dir/build.make:65: recipe for target 'CMakeFiles/cmTC_ded2d.dir/CheckSymbolExists.cxx.o' failed
make[1]: *** [CMakeFiles/cmTC_ded2d.dir/CheckSymbolExists.cxx.o] Error 1
make[1]: Leaving directory '/home/andriy/Programs/G4W/GW/GWP/build/CMakeFiles/CMakeTmp'
Makefile:126: recipe for target 'cmTC_ded2d/fast' failed
make: *** [cmTC_ded2d/fast] Error 2

File /home/andriy/Programs/G4W/GW/GWP/build/CMakeFiles/CMakeTmp/CheckSymbolExists.cxx:
/* */
#include <QtCore/qglobal.h>

int main(int argc, char** argv)
{
  (void)argv;
#ifndef Q_WS_WIN
  return ((int*)(&Q_WS_WIN))[argc];
#else
  (void)argc;
  return 0;
#endif
}

Determining if the Q_WS_QWS exist failed with the following output:
Change Dir: /home/andriy/Programs/G4W/GW/GWP/build/CMakeFiles/CMakeTmp

Run Build Command:"/usr/bin/make" "cmTC_72fae/fast"
/usr/bin/make -f CMakeFiles/cmTC_72fae.dir/build.make CMakeFiles/cmTC_72fae.dir/build
make[1]: Entering directory '/home/andriy/Programs/G4W/GW/GWP/build/CMakeFiles/CMakeTmp'
Building CXX object CMakeFiles/cmTC_72fae.dir/CheckSymbolExists.cxx.o
/usr/bin/c++   -I/usr/include/qt4   -o CMakeFiles/cmTC_72fae.dir/CheckSymbolExists.cxx.o -c /home/andriy/Programs/G4W/GW/GWP/build/CMakeFiles/CMakeTmp/CheckSymbolExists.cxx
/home/andriy/Programs/G4W/GW/GWP/build/CMakeFiles/CMakeTmp/CheckSymbolExists.cxx: In function ‘int main(int, char**)’:
/home/andriy/Programs/G4W/GW/GWP/build/CMakeFiles/CMakeTmp/CheckSymbolExists.cxx:8:19: error: ‘Q_WS_QWS’ was not declared in this scope
   return ((int*)(&Q_WS_QWS))[argc];
                   ^~~~~~~~
/home/andriy/Programs/G4W/GW/GWP/build/CMakeFiles/CMakeTmp/CheckSymbolExists.cxx:8:19: note: suggested alternative: ‘Q_WS_X11’
   return ((int*)(&Q_WS_QWS))[argc];
                   ^~~~~~~~
                   Q_WS_X11
CMakeFiles/cmTC_72fae.dir/build.make:65: recipe for target 'CMakeFiles/cmTC_72fae.dir/CheckSymbolExists.cxx.o' failed
make[1]: *** [CMakeFiles/cmTC_72fae.dir/CheckSymbolExists.cxx.o] Error 1
make[1]: Leaving directory '/home/andriy/Programs/G4W/GW/GWP/build/CMakeFiles/CMakeTmp'
Makefile:126: recipe for target 'cmTC_72fae/fast' failed
make: *** [cmTC_72fae/fast] Error 2

File /home/andriy/Programs/G4W/GW/GWP/build/CMakeFiles/CMakeTmp/CheckSymbolExists.cxx:
/* */
#include <QtCore/qglobal.h>

int main(int argc, char** argv)
{
  (void)argv;
#ifndef Q_WS_QWS
  return ((int*)(&Q_WS_QWS))[argc];
#else
  (void)argc;
  return 0;
#endif
}

Determining if the Q_WS_MAC exist failed with the following output:
Change Dir: /home/andriy/Programs/G4W/GW/GWP/build/CMakeFiles/CMakeTmp

Run Build Command:"/usr/bin/make" "cmTC_78d27/fast"
/usr/bin/make -f CMakeFiles/cmTC_78d27.dir/build.make CMakeFiles/cmTC_78d27.dir/build
make[1]: Entering directory '/home/andriy/Programs/G4W/GW/GWP/build/CMakeFiles/CMakeTmp'
Building CXX object CMakeFiles/cmTC_78d27.dir/CheckSymbolExists.cxx.o
/usr/bin/c++   -I/usr/include/qt4   -o CMakeFiles/cmTC_78d27.dir/CheckSymbolExists.cxx.o -c /home/andriy/Programs/G4W/GW/GWP/build/CMakeFiles/CMakeTmp/CheckSymbolExists.cxx
/home/andriy/Programs/G4W/GW/GWP/build/CMakeFiles/CMakeTmp/CheckSymbolExists.cxx: In function ‘int main(int, char**)’:
/home/andriy/Programs/G4W/GW/GWP/build/CMakeFiles/CMakeTmp/CheckSymbolExists.cxx:8:19: error: ‘Q_WS_MAC’ was not declared in this scope
   return ((int*)(&Q_WS_MAC))[argc];
                   ^~~~~~~~
/home/andriy/Programs/G4W/GW/GWP/build/CMakeFiles/CMakeTmp/CheckSymbolExists.cxx:8:19: note: suggested alternative: ‘Q_WS_X11’
   return ((int*)(&Q_WS_MAC))[argc];
                   ^~~~~~~~
                   Q_WS_X11
CMakeFiles/cmTC_78d27.dir/build.make:65: recipe for target 'CMakeFiles/cmTC_78d27.dir/CheckSymbolExists.cxx.o' failed
make[1]: *** [CMakeFiles/cmTC_78d27.dir/CheckSymbolExists.cxx.o] Error 1
make[1]: Leaving directory '/home/andriy/Programs/G4W/GW/GWP/build/CMakeFiles/CMakeTmp'
Makefile:126: recipe for target 'cmTC_78d27/fast' failed
make: *** [cmTC_78d27/fast] Error 2

File /home/andriy/Programs/G4W/GW/GWP/build/CMakeFiles/CMakeTmp/CheckSymbolExists.cxx:
/* */
#include <QtCore/qglobal.h>

int main(int argc, char** argv)
{
  (void)argv;
#ifndef Q_WS_MAC
  return ((int*)(&Q_WS_MAC))[argc];
#else
  (void)argc;
  return 0;
#endif
}

